<?xml version="1.0" encoding="UTF-8"?>
<testsuite xmlns:xsi="http://www.w3.org/2001/XMLSchema-instance" xsi:noNamespaceSchemaLocation="https://maven.apache.org/surefire/maven-surefire-plugin/xsd/surefire-test-report.xsd" name="org.example.AppTest" time="0.069" tests="1" errors="0" skipped="0" failures="0">
  <properties>
    <property name="java.specification.version" value="15"/>
    <property name="sun.cpu.isalist" value="amd64"/>
    <property name="sun.jnu.encoding" value="Cp1252"/>
    <property name="java.class.path" value="C:\Users\tdillens\OneDrive - Capgemini\Documents\Theo_dillenseger\imt-atlantique\conf\target\test-classes;C:\Users\tdillens\OneDrive - Capgemini\Documents\Theo_dillenseger\imt-atlantique\conf\target\classes;C:\Users\tdillens\.m2\repository\junit\junit\4.11\junit-4.11.jar;C:\Users\tdillens\.m2\repository\org\hamcrest\hamcrest-core\1.3\hamcrest-core-1.3.jar;"/>
    <property name="java.vm.vendor" value="AdoptOpenJDK"/>
    <property name="sun.arch.data.model" value="64"/>
    <property name="user.variant" value=""/>
    <property name="java.vendor.url" value="https://adoptopenjdk.net/"/>
    <property name="user.timezone" value="Europe/Paris"/>
    <property name="os.name" value="Windows 10"/>
    <property name="java.vm.specification.version" value="15"/>
    <property name="sun.java.launcher" value="SUN_STANDARD"/>
    <property name="user.country" value="FR"/>
    <property name="sun.boot.library.path" value="C:\Program Files\AdoptOpenJDK\jdk-15.0.0.36-hotspot\bin"/>
    <property name="sun.java.command" value="C:\Users\tdillens\AppData\Local\Temp\surefire17714689981353936421\surefirebooter10265827332153634048.jar C:\Users\tdillens\AppData\Local\Temp\surefire17714689981353936421 2022-05-30T15-57-08_343-jvmRun1 surefire17717079601175793122tmp surefire_014124567453874003354tmp"/>
    <property name="jdk.debug" value="release"/>
    <property name="surefire.test.class.path" value="C:\Users\tdillens\OneDrive - Capgemini\Documents\Theo_dillenseger\imt-atlantique\conf\target\test-classes;C:\Users\tdillens\OneDrive - Capgemini\Documents\Theo_dillenseger\imt-atlantique\conf\target\classes;C:\Users\tdillens\.m2\repository\junit\junit\4.11\junit-4.11.jar;C:\Users\tdillens\.m2\repository\org\hamcrest\hamcrest-core\1.3\hamcrest-core-1.3.jar;"/>
    <property name="sun.cpu.endian" value="little"/>
    <property name="user.home" value="C:\Users\tdillens"/>
    <property name="user.language" value="fr"/>
    <property name="java.specification.vendor" value="Oracle Corporation"/>
    <property name="java.version.date" value="2020-09-15"/>
    <property name="java.home" value="C:\Program Files\AdoptOpenJDK\jdk-15.0.0.36-hotspot"/>
    <property name="file.separator" value="\"/>
    <property name="basedir" value="C:\Users\tdillens\OneDrive - Capgemini\Documents\Theo_dillenseger\imt-atlantique\conf"/>
    <property name="java.vm.compressedOopsMode" value="Zero based"/>
    <property name="line.separator" value="&#10;"/>
    <property name="java.vm.specification.vendor" value="Oracle Corporation"/>
    <property name="java.specification.name" value="Java Platform API Specification"/>
    <property name="surefire.real.class.path" value="C:\Users\tdillens\AppData\Local\Temp\surefire17714689981353936421\surefirebooter10265827332153634048.jar"/>
    <property name="user.script" value=""/>
    <property name="sun.management.compiler" value="HotSpot 64-Bit Tiered Compilers"/>
    <property name="java.runtime.version" value="15+36"/>
    <property name="user.name" value="tdillens"/>
    <property name="path.separator" value=";"/>
    <property name="os.version" value="10.0"/>
    <property name="java.runtime.name" value="OpenJDK Runtime Environment"/>
    <property name="file.encoding" value="Cp1252"/>
    <property name="java.vm.name" value="OpenJDK 64-Bit Server VM"/>
    <property name="java.vendor.version" value="AdoptOpenJDK"/>
    <property name="localRepository" value="C:\Users\tdillens\.m2\repository"/>
    <property name="java.vendor.url.bug" value="https://github.com/AdoptOpenJDK/openjdk-support/issues"/>
    <property name="java.io.tmpdir" value="C:\Users\tdillens\AppData\Local\Temp\"/>
    <property name="idea.version" value="2021.2.3"/>
    <property name="java.version" value="15"/>
    <property name="user.dir" value="C:\Users\tdillens\OneDrive - Capgemini\Documents\Theo_dillenseger\imt-atlantique\conf"/>
    <property name="os.arch" value="amd64"/>
    <property name="java.vm.specification.name" value="Java Virtual Machine Specification"/>
    <property name="sun.os.patch.level" value=""/>
    <property name="java.library.path" value="C:\Program Files\AdoptOpenJDK\jdk-15.0.0.36-hotspot\bin;C:\WINDOWS\Sun\Java\bin;C:\WINDOWS\system32;C:\WINDOWS;C:\Program Files\AdoptOpenJDK\jdk-15.0.0.36-hotspot\bin;C:\WINDOWS\system32;C:\WINDOWS;C:\WINDOWS\System32\Wbem;C:\WINDOWS\System32\WindowsPowerShell\v1.0\;C:\WINDOWS\System32\OpenSSH\;C:\Program Files (x86)\dotnet\;C:\Users\tdillens\flutter\bin;C:\Program Files\nodejs\;C:\ProgramData\chocolatey\bin;C:\Program Files\MariaDB 10.7\bin;C:\Program Files\dotnet\;C:\Users\tdillens\AppData\Local\Programs\Python\Python310\Scripts\;C:\Users\tdillens\AppData\Local\Programs\Python\Python310\;C:\Users\tdillens\AppData\Local\Microsoft\WindowsApps;C:\Users\tdillens\AppData\Local\Programs\Microsoft VS Code\bin;C:\Users\tdillens\.dotnet\tools;C:\Users\tdillens\AppData\Local\Programs\Git\cmd;C:\Users\tdillens\AppData\Roaming\npm;C:\Users\tdillens\AppData\Local\GitHubDesktop\bin;."/>
    <property name="java.vm.info" value="mixed mode, sharing"/>
    <property name="java.vendor" value="AdoptOpenJDK"/>
    <property name="java.vm.version" value="15+36"/>
    <property name="sun.io.unicode.encoding" value="UnicodeLittle"/>
    <property name="java.class.version" value="59.0"/>
  </properties>
  <testcase name="shouldAnswerWithTrue" classname="org.example.AppTest" time="0.003"/>
</testsuite>